<?xml version="1.0" encoding="UTF-8"?>
<!-- Generated by org.testng.reporters.JUnitReportReporter -->
<testsuite hostname="dipaliga01" failures="0" tests="3" name="Intro.firsttestngfile" time="0.582" errors="1" timestamp="2025-06-06T16:51:09 EEST" skipped="2">
  <testcase classname="Intro.firsttestngfile" name="register" time="0.002">
    <skipped/>
  </testcase> <!-- register -->
  <testcase classname="Intro.firsttestngfile" name="launchBrowser" time="0.580">
    <error message="Unable to obtain: geckodriver, error Illegal char &lt;&quot;&gt; at index 23: webdriver.chrome.driver&quot;, &quot;/Users/DipaliGa/Documents/chromedriver.exe
For documentation on this error, please visit: https://www.selenium.dev/documentation/webdriver/troubleshooting/errors/driver_location/
Build info: version: &#039;4.28.1&#039;, revision: &#039;73f5ad48a2&#039;
System info: os.name: &#039;Windows 11&#039;, os.arch: &#039;amd64&#039;, os.version: &#039;10.0&#039;, java.version: &#039;21.0.5&#039;
Driver info: driver.version: FirefoxDriver" type="org.openqa.selenium.remote.NoSuchDriverException">
      <![CDATA[org.openqa.selenium.remote.NoSuchDriverException: Unable to obtain: geckodriver, error Illegal char <"> at index 23: webdriver.chrome.driver", "/Users/DipaliGa/Documents/chromedriver.exe
For documentation on this error, please visit: https://www.selenium.dev/documentation/webdriver/troubleshooting/errors/driver_location/
Build info: version: '4.28.1', revision: '73f5ad48a2'
System info: os.name: 'Windows 11', os.arch: 'amd64', os.version: '10.0', java.version: '21.0.5'
Driver info: driver.version: FirefoxDriver
at org.seleniumhq.selenium.remote_driver/org.openqa.selenium.remote.service.DriverFinder.getBinaryPaths(DriverFinder.java:121)
at org.seleniumhq.selenium.remote_driver/org.openqa.selenium.remote.service.DriverFinder.getDriverPath(DriverFinder.java:55)
at org.seleniumhq.selenium.firefox_driver/org.openqa.selenium.firefox.FirefoxDriver.generateExecutor(FirefoxDriver.java:141)
at org.seleniumhq.selenium.firefox_driver/org.openqa.selenium.firefox.FirefoxDriver.<init>(FirefoxDriver.java:132)
at org.seleniumhq.selenium.firefox_driver/org.openqa.selenium.firefox.FirefoxDriver.<init>(FirefoxDriver.java:127)
at org.seleniumhq.selenium.firefox_driver/org.openqa.selenium.firefox.FirefoxDriver.<init>(FirefoxDriver.java:112)
at org.seleniumhq.selenium.firefox_driver/org.openqa.selenium.firefox.FirefoxDriver.<init>(FirefoxDriver.java:102)
at Introduction/Intro.firsttestngfile.launchBrowser(firsttestngfile.java:17)
at java.base/jdk.internal.reflect.DirectMethodHandleAccessor.invoke(DirectMethodHandleAccessor.java:103)
at java.base/java.lang.reflect.Method.invoke(Method.java:580)
at org.testng@7.11.0/org.testng.internal.invokers.MethodInvocationHelper.invokeMethod(MethodInvocationHelper.java:141)
at org.testng@7.11.0/org.testng.internal.invokers.MethodInvocationHelper.invokeMethodConsideringTimeout(MethodInvocationHelper.java:71)
at org.testng@7.11.0/org.testng.internal.invokers.ConfigInvoker.invokeConfigurationMethod(ConfigInvoker.java:400)
at org.testng@7.11.0/org.testng.internal.invokers.ConfigInvoker.invokeConfigurations(ConfigInvoker.java:333)
at org.testng@7.11.0/org.testng.TestRunner.invokeTestConfigurations(TestRunner.java:657)
at org.testng@7.11.0/org.testng.TestRunner.beforeRun(TestRunner.java:646)
at org.testng@7.11.0/org.testng.TestRunner.run(TestRunner.java:612)
at org.testng@7.11.0/org.testng.SuiteRunner.runTest(SuiteRunner.java:421)
at org.testng@7.11.0/org.testng.SuiteRunner.runSequentially(SuiteRunner.java:413)
at org.testng@7.11.0/org.testng.SuiteRunner.privateRun(SuiteRunner.java:373)
at org.testng@7.11.0/org.testng.SuiteRunner.run(SuiteRunner.java:312)
at org.testng@7.11.0/org.testng.SuiteRunnerWorker.runSuite(SuiteRunnerWorker.java:52)
at org.testng@7.11.0/org.testng.SuiteRunnerWorker.run(SuiteRunnerWorker.java:95)
at org.testng@7.11.0/org.testng.TestNG.runSuitesSequentially(TestNG.java:1274)
at org.testng@7.11.0/org.testng.TestNG.runSuitesLocally(TestNG.java:1208)
at org.testng@7.11.0/org.testng.TestNG.runSuites(TestNG.java:1112)
at org.testng@7.11.0/org.testng.TestNG.run(TestNG.java:1079)
at org.testng.remote.AbstractRemoteTestNG.run(AbstractRemoteTestNG.java:115)
at org.testng.remote.RemoteTestNG.initAndRun(RemoteTestNG.java:293)
at org.testng.remote.RemoteTestNG.main(RemoteTestNG.java:91)
Caused by: java.nio.file.InvalidPathException: Illegal char <"> at index 23: webdriver.chrome.driver", "/Users/DipaliGa/Documents/chromedriver.exe
at java.base/sun.nio.fs.WindowsPathParser.normalize(WindowsPathParser.java:204)
at java.base/sun.nio.fs.WindowsPathParser.parse(WindowsPathParser.java:175)
at java.base/sun.nio.fs.WindowsPathParser.parse(WindowsPathParser.java:77)
at java.base/sun.nio.fs.WindowsPath.parse(WindowsPath.java:92)
at java.base/sun.nio.fs.WindowsFileSystem.getPath(WindowsFileSystem.java:231)
at java.base/java.nio.file.Path.of(Path.java:148)
at org.seleniumhq.selenium.remote_driver/org.openqa.selenium.remote.service.DriverFinder.getBinaryPaths(DriverFinder.java:118)
... 29 more
]]>
    </error>
  </testcase> <!-- launchBrowser -->
  <testcase classname="Intro.firsttestngfile" name="support" time="0.000">
    <skipped/>
  </testcase> <!-- support -->
</testsuite> <!-- Intro.firsttestngfile -->
